<?xml version="1.0" encoding="UTF-8"?>
<!-- Generated by org.testng.reporters.JUnitXMLReporter -->
<testsuite ignored="0" hostname="SenthamizhanG" failures="0" tests="3" name="Default test" time="4.891" errors="0" timestamp="2024-02-12T09:17:29 IST">
  <testcase classname="files.DynamicJson" name="addBook" time="4.329"/>
  <testcase classname="files.DynamicJson" name="addBook" time="0.263"/>
  <testcase classname="files.DynamicJson" name="addBook" time="0.223"/>
</testsuite> <!-- Default test -->
