<?xml version="1.0" encoding="UTF-8"?>
<testng-results ignored="0" total="3" passed="3" failed="0" skipped="0">
  <reporter-output>
  </reporter-output>
  <suite started-at="2024-02-12T09:17:24 IST" name="Default suite" finished-at="2024-02-12T09:17:29 IST" duration-ms="4891">
    <groups>
    </groups>
    <test started-at="2024-02-12T09:17:24 IST" name="Default test" finished-at="2024-02-12T09:17:29 IST" duration-ms="4891">
      <class name="files.DynamicJson">
        <test-method signature="addBook(java.lang.String,java.lang.String)[pri:0, instance:files.DynamicJson@242b836]" started-at="2024-02-12T09:17:24 IST" name="addBook" data-provider="BooksData" finished-at="2024-02-12T09:17:29 IST" duration-ms="4329" status="PASS">
          <params>
            <param index="0">
              <value>
                <![CDATA[abc]]>
              </value>
            </param>
            <param index="1">
              <value>
                <![CDATA[123]]>
              </value>
            </param>
          </params>
          <reporter-output>
          </reporter-output>
        </test-method> <!-- addBook -->
        <test-method signature="addBook(java.lang.String,java.lang.String)[pri:0, instance:files.DynamicJson@242b836]" started-at="2024-02-12T09:17:29 IST" name="addBook" data-provider="BooksData" finished-at="2024-02-12T09:17:29 IST" duration-ms="263" status="PASS">
          <params>
            <param index="0">
              <value>
                <![CDATA[cde]]>
              </value>
            </param>
            <param index="1">
              <value>
                <![CDATA[345]]>
              </value>
            </param>
          </params>
          <reporter-output>
          </reporter-output>
        </test-method> <!-- addBook -->
        <test-method signature="addBook(java.lang.String,java.lang.String)[pri:0, instance:files.DynamicJson@242b836]" started-at="2024-02-12T09:17:29 IST" name="addBook" data-provider="BooksData" finished-at="2024-02-12T09:17:29 IST" duration-ms="223" status="PASS">
          <params>
            <param index="0">
              <value>
                <![CDATA[def]]>
              </value>
            </param>
            <param index="1">
              <value>
                <![CDATA[456]]>
              </value>
            </param>
          </params>
          <reporter-output>
          </reporter-output>
        </test-method> <!-- addBook -->
      </class> <!-- files.DynamicJson -->
    </test> <!-- Default test -->
  </suite> <!-- Default suite -->
</testng-results>
